{
  "RSpec": {
    "coverage": {
      "/home/dynamic-vector-0721/tic-tac-toe-rb-online-web-sp-000/lib/tic_tac_toe.rb": [
        1,
        null,
        1,
        25,
        25,
        25,
        25,
        25,
        null,
        null,
        1,
        24,
        24,
        null,
        null,
        1,
        23,
        null,
        null,
        1,
        0,
        null,
        null,
        1,
        24,
        null,
        null,
        1,
        26,
        null,
        null,
        1,
        21,
        21,
        21,
        21,
        20,
        20,
        20,
        null,
        1,
        null,
        null,
        null,
        1,
        34,
        34,
        306,
        59,
        null,
        null,
        34,
        null,
        null,
        1,
        21,
        null,
        null,
        1,
        null,
        44,
        2,
        null,
        null,
        42,
        null,
        269,
        269,
        269,
        null,
        269,
        269,
        269,
        null,
        269,
        13,
        null,
        null,
        256,
        4,
        null,
        null,
        null,
        25,
        null,
        null,
        1,
        31,
        136,
        null,
        null,
        null,
        1,
        18,
        null,
        null,
        1,
        22,
        null,
        null,
        1,
        7,
        7,
        6,
        null,
        null,
        null,
        null,
        1,
        null,
        12,
        null,
        12,
        18,
        null,
        null,
        null,
        null,
        12,
        5,
        null,
        7,
        null,
        null,
        null,
        null,
        null,
        null,
        null
      ]
    },
    "timestamp": 1576640582
  }
}
